17:17:17.361 [Execution worker for ':' Thread 6] WARN  o.a.i.p.ModelValidator:78 - The component AddNewGroup_ is not registered in the AndroidManifest.xml file.
17:17:17.363 [Execution worker for ':' Thread 6] WARN  o.a.i.p.ModelValidator:78 - The component DeviceInformation_ is not registered in the AndroidManifest.xml file.
17:17:17.363 [Execution worker for ':' Thread 6] WARN  o.a.i.p.ModelValidator:78 - The component AttendanceForm_ is not registered in the AndroidManifest.xml file.
17:17:17.363 [Execution worker for ':' Thread 6] WARN  o.a.i.p.ModelValidator:78 - The component YouthInfoFormActivity_ is not registered in the AndroidManifest.xml file.
19:00:51.335 [Daemon worker Thread 7] WARN  o.a.i.p.ModelValidator:78 - The component AddNewGroup_ is not registered in the AndroidManifest.xml file.
19:00:51.336 [Daemon worker Thread 7] WARN  o.a.i.p.ModelValidator:78 - The component DeviceInformation_ is not registered in the AndroidManifest.xml file.
19:00:51.337 [Daemon worker Thread 7] WARN  o.a.i.p.ModelValidator:78 - The component AttendanceForm_ is not registered in the AndroidManifest.xml file.
19:00:51.337 [Daemon worker Thread 7] WARN  o.a.i.p.ModelValidator:78 - The component YouthInfoFormActivity_ is not registered in the AndroidManifest.xml file.
19:02:11.733 [Execution worker for ':' Thread 5] WARN  o.a.i.p.ModelValidator:78 - The component AddNewGroup_ is not registered in the AndroidManifest.xml file.
19:02:11.734 [Execution worker for ':' Thread 5] WARN  o.a.i.p.ModelValidator:78 - The component DeviceInformation_ is not registered in the AndroidManifest.xml file.
19:02:11.734 [Execution worker for ':' Thread 5] WARN  o.a.i.p.ModelValidator:78 - The component AttendanceForm_ is not registered in the AndroidManifest.xml file.
19:02:11.735 [Execution worker for ':' Thread 5] WARN  o.a.i.p.ModelValidator:78 - The component YouthInfoFormActivity_ is not registered in the AndroidManifest.xml file.
10:33:53.806 [Daemon worker] WARN  o.a.i.p.ModelValidator:78 - The component AddNewGroup_ is not registered in the AndroidManifest.xml file.
10:33:53.808 [Daemon worker] WARN  o.a.i.p.ModelValidator:78 - The component DeviceInformation_ is not registered in the AndroidManifest.xml file.
10:33:53.809 [Daemon worker] WARN  o.a.i.p.ModelValidator:78 - The component AttendanceForm_ is not registered in the AndroidManifest.xml file.
10:33:53.809 [Daemon worker] WARN  o.a.i.p.ModelValidator:78 - The component YouthInfoFormActivity_ is not registered in the AndroidManifest.xml file.
16:09:09.329 [Execution worker for ':' Thread 4] WARN  o.a.i.p.ModelValidator:78 - The component AddNewGroup_ is not registered in the AndroidManifest.xml file.
16:09:09.331 [Execution worker for ':' Thread 4] WARN  o.a.i.p.ModelValidator:78 - The component DeviceInformation_ is not registered in the AndroidManifest.xml file.
16:09:09.331 [Execution worker for ':' Thread 4] WARN  o.a.i.p.ModelValidator:78 - The component AttendanceForm_ is not registered in the AndroidManifest.xml file.
16:09:09.332 [Execution worker for ':' Thread 4] WARN  o.a.i.p.ModelValidator:78 - The component YouthInfoFormActivity_ is not registered in the AndroidManifest.xml file.
16:29:17.482 [Execution worker for ':' Thread 6] WARN  o.a.i.p.ModelValidator:78 - The component AddNewGroup_ is not registered in the AndroidManifest.xml file.
16:29:17.483 [Execution worker for ':' Thread 6] WARN  o.a.i.p.ModelValidator:78 - The component DeviceInformation_ is not registered in the AndroidManifest.xml file.
16:29:17.483 [Execution worker for ':' Thread 6] WARN  o.a.i.p.ModelValidator:78 - The component AttendanceForm_ is not registered in the AndroidManifest.xml file.
16:29:17.484 [Execution worker for ':' Thread 6] WARN  o.a.i.p.ModelValidator:78 - The component YouthInfoFormActivity_ is not registered in the AndroidManifest.xml file.
16:50:00.127 [Execution worker for ':' Thread 6] WARN  o.a.i.p.ModelValidator:78 - The component AddNewGroup_ is not registered in the AndroidManifest.xml file.
16:50:00.128 [Execution worker for ':' Thread 6] WARN  o.a.i.p.ModelValidator:78 - The component DeviceInformation_ is not registered in the AndroidManifest.xml file.
16:50:00.128 [Execution worker for ':' Thread 6] WARN  o.a.i.p.ModelValidator:78 - The component AttendanceForm_ is not registered in the AndroidManifest.xml file.
16:50:00.128 [Execution worker for ':' Thread 6] WARN  o.a.i.p.ModelValidator:78 - The component YouthInfoFormActivity_ is not registered in the AndroidManifest.xml file.
11:37:10.607 [Execution worker for ':'] WARN  o.a.i.p.ModelValidator:78 - The component AddNewGroup_ is not registered in the AndroidManifest.xml file.
11:37:10.609 [Execution worker for ':'] WARN  o.a.i.p.ModelValidator:78 - The component DeviceInformation_ is not registered in the AndroidManifest.xml file.
11:37:10.609 [Execution worker for ':'] WARN  o.a.i.p.ModelValidator:78 - The component AttendanceForm_ is not registered in the AndroidManifest.xml file.
11:37:10.610 [Execution worker for ':'] WARN  o.a.i.p.ModelValidator:78 - The component YouthInfoFormActivity_ is not registered in the AndroidManifest.xml file.
11:52:56.29 [Execution worker for ':' Thread 7] WARN  o.a.i.p.ModelValidator:78 - The component AddNewGroup_ is not registered in the AndroidManifest.xml file.
11:52:56.30 [Execution worker for ':' Thread 7] WARN  o.a.i.p.ModelValidator:78 - The component DeviceInformation_ is not registered in the AndroidManifest.xml file.
11:52:56.30 [Execution worker for ':' Thread 7] WARN  o.a.i.p.ModelValidator:78 - The component AttendanceForm_ is not registered in the AndroidManifest.xml file.
11:52:56.30 [Execution worker for ':' Thread 7] WARN  o.a.i.p.ModelValidator:78 - The component YouthInfoFormActivity_ is not registered in the AndroidManifest.xml file.
17:28:07.249 [Execution worker for ':' Thread 4] WARN  o.a.i.p.ModelValidator:78 - The component AddNewGroup_ is not registered in the AndroidManifest.xml file.
17:28:07.250 [Execution worker for ':' Thread 4] WARN  o.a.i.p.ModelValidator:78 - The component DeviceInformation_ is not registered in the AndroidManifest.xml file.
17:28:07.251 [Execution worker for ':' Thread 4] WARN  o.a.i.p.ModelValidator:78 - The component AttendanceForm_ is not registered in the AndroidManifest.xml file.
17:28:07.252 [Execution worker for ':' Thread 4] WARN  o.a.i.p.ModelValidator:78 - The component YouthInfoFormActivity_ is not registered in the AndroidManifest.xml file.
11:48:09.32 [Execution worker for ':' Thread 2] WARN  o.a.i.p.ModelValidator:78 - The component AddNewGroup_ is not registered in the AndroidManifest.xml file.
11:48:09.32 [Execution worker for ':' Thread 2] WARN  o.a.i.p.ModelValidator:78 - The component DeviceInformation_ is not registered in the AndroidManifest.xml file.
11:48:09.32 [Execution worker for ':' Thread 2] WARN  o.a.i.p.ModelValidator:78 - The component AttendanceForm_ is not registered in the AndroidManifest.xml file.
11:48:09.48 [Execution worker for ':' Thread 2] WARN  o.a.i.p.ModelValidator:78 - The component YouthInfoFormActivity_ is not registered in the AndroidManifest.xml file.
11:52:46.231 [Execution worker for ':' Thread 3] WARN  o.a.i.p.ModelValidator:78 - The component AddNewGroup_ is not registered in the AndroidManifest.xml file.
11:52:46.232 [Execution worker for ':' Thread 3] WARN  o.a.i.p.ModelValidator:78 - The component DeviceInformation_ is not registered in the AndroidManifest.xml file.
11:52:46.232 [Execution worker for ':' Thread 3] WARN  o.a.i.p.ModelValidator:78 - The component AttendanceForm_ is not registered in the AndroidManifest.xml file.
11:52:46.233 [Execution worker for ':' Thread 3] WARN  o.a.i.p.ModelValidator:78 - The component YouthInfoFormActivity_ is not registered in the AndroidManifest.xml file.
11:58:53.475 [Execution worker for ':'] WARN  o.a.i.p.ModelValidator:78 - The component AddNewGroup_ is not registered in the AndroidManifest.xml file.
11:58:53.476 [Execution worker for ':'] WARN  o.a.i.p.ModelValidator:78 - The component DeviceInformation_ is not registered in the AndroidManifest.xml file.
11:58:53.476 [Execution worker for ':'] WARN  o.a.i.p.ModelValidator:78 - The component AttendanceForm_ is not registered in the AndroidManifest.xml file.
11:58:53.477 [Execution worker for ':'] WARN  o.a.i.p.ModelValidator:78 - The component YouthInfoFormActivity_ is not registered in the AndroidManifest.xml file.
12:24:44.457 [Execution worker for ':' Thread 2] WARN  o.a.i.p.ModelValidator:78 - The component AddNewGroup_ is not registered in the AndroidManifest.xml file.
12:24:44.458 [Execution worker for ':' Thread 2] WARN  o.a.i.p.ModelValidator:78 - The component DeviceInformation_ is not registered in the AndroidManifest.xml file.
12:24:44.458 [Execution worker for ':' Thread 2] WARN  o.a.i.p.ModelValidator:78 - The component AttendanceForm_ is not registered in the AndroidManifest.xml file.
12:24:44.458 [Execution worker for ':' Thread 2] WARN  o.a.i.p.ModelValidator:78 - The component YouthInfoFormActivity_ is not registered in the AndroidManifest.xml file.
12:35:53.606 [Execution worker for ':' Thread 3] WARN  o.a.i.p.ModelValidator:78 - The component AddNewGroup_ is not registered in the AndroidManifest.xml file.
12:35:53.607 [Execution worker for ':' Thread 3] WARN  o.a.i.p.ModelValidator:78 - The component DeviceInformation_ is not registered in the AndroidManifest.xml file.
12:35:53.607 [Execution worker for ':' Thread 3] WARN  o.a.i.p.ModelValidator:78 - The component AttendanceForm_ is not registered in the AndroidManifest.xml file.
12:35:53.608 [Execution worker for ':' Thread 3] WARN  o.a.i.p.ModelValidator:78 - The component YouthInfoFormActivity_ is not registered in the AndroidManifest.xml file.
12:45:28.540 [Execution worker for ':' Thread 3] WARN  o.a.i.p.ModelValidator:78 - The component AddNewGroup_ is not registered in the AndroidManifest.xml file.
12:45:28.541 [Execution worker for ':' Thread 3] WARN  o.a.i.p.ModelValidator:78 - The component DeviceInformation_ is not registered in the AndroidManifest.xml file.
12:45:28.541 [Execution worker for ':' Thread 3] WARN  o.a.i.p.ModelValidator:78 - The component AttendanceForm_ is not registered in the AndroidManifest.xml file.
12:45:28.541 [Execution worker for ':' Thread 3] WARN  o.a.i.p.ModelValidator:78 - The component YouthInfoFormActivity_ is not registered in the AndroidManifest.xml file.
12:57:44.673 [Execution worker for ':' Thread 4] WARN  o.a.i.p.ModelValidator:78 - The component AddNewGroup_ is not registered in the AndroidManifest.xml file.
12:57:44.674 [Execution worker for ':' Thread 4] WARN  o.a.i.p.ModelValidator:78 - The component DeviceInformation_ is not registered in the AndroidManifest.xml file.
12:57:44.675 [Execution worker for ':' Thread 4] WARN  o.a.i.p.ModelValidator:78 - The component AttendanceForm_ is not registered in the AndroidManifest.xml file.
12:57:44.675 [Execution worker for ':' Thread 4] WARN  o.a.i.p.ModelValidator:78 - The component YouthInfoFormActivity_ is not registered in the AndroidManifest.xml file.
11:58:25.523 [Execution worker for ':' Thread 3] WARN  o.a.i.p.ModelValidator:78 - The component AddNewGroup_ is not registered in the AndroidManifest.xml file.
11:58:25.527 [Execution worker for ':' Thread 3] WARN  o.a.i.p.ModelValidator:78 - The component DeviceInformation_ is not registered in the AndroidManifest.xml file.
11:58:25.529 [Execution worker for ':' Thread 3] WARN  o.a.i.p.ModelValidator:78 - The component AttendanceForm_ is not registered in the AndroidManifest.xml file.
11:58:25.530 [Execution worker for ':' Thread 3] WARN  o.a.i.p.ModelValidator:78 - The component YouthInfoFormActivity_ is not registered in the AndroidManifest.xml file.
11:44:11.635 [Execution worker for ':' Thread 5] WARN  o.a.i.p.ModelValidator:78 - The component AddNewGroup_ is not registered in the AndroidManifest.xml file.
11:44:11.638 [Execution worker for ':' Thread 5] WARN  o.a.i.p.ModelValidator:78 - The component DeviceInformation_ is not registered in the AndroidManifest.xml file.
11:44:11.638 [Execution worker for ':' Thread 5] WARN  o.a.i.p.ModelValidator:78 - The component AttendanceForm_ is not registered in the AndroidManifest.xml file.
11:44:11.639 [Execution worker for ':' Thread 5] WARN  o.a.i.p.ModelValidator:78 - The component YouthInfoFormActivity_ is not registered in the AndroidManifest.xml file.
11:48:20.747 [Execution worker for ':' Thread 5] WARN  o.a.i.p.ModelValidator:78 - The component AddNewGroup_ is not registered in the AndroidManifest.xml file.
11:48:20.748 [Execution worker for ':' Thread 5] WARN  o.a.i.p.ModelValidator:78 - The component DeviceInformation_ is not registered in the AndroidManifest.xml file.
11:48:20.748 [Execution worker for ':' Thread 5] WARN  o.a.i.p.ModelValidator:78 - The component AttendanceForm_ is not registered in the AndroidManifest.xml file.
11:48:20.748 [Execution worker for ':' Thread 5] WARN  o.a.i.p.ModelValidator:78 - The component YouthInfoFormActivity_ is not registered in the AndroidManifest.xml file.
11:58:22.348 [Execution worker for ':'] WARN  o.a.i.p.ModelValidator:78 - The component AddNewGroup_ is not registered in the AndroidManifest.xml file.
11:58:22.348 [Execution worker for ':'] WARN  o.a.i.p.ModelValidator:78 - The component DeviceInformation_ is not registered in the AndroidManifest.xml file.
11:58:22.349 [Execution worker for ':'] WARN  o.a.i.p.ModelValidator:78 - The component AttendanceForm_ is not registered in the AndroidManifest.xml file.
11:58:22.349 [Execution worker for ':'] WARN  o.a.i.p.ModelValidator:78 - The component YouthInfoFormActivity_ is not registered in the AndroidManifest.xml file.
12:00:55.222 [Execution worker for ':' Thread 4] WARN  o.a.i.p.ModelValidator:78 - The component AddNewGroup_ is not registered in the AndroidManifest.xml file.
12:00:55.223 [Execution worker for ':' Thread 4] WARN  o.a.i.p.ModelValidator:78 - The component DeviceInformation_ is not registered in the AndroidManifest.xml file.
12:00:55.223 [Execution worker for ':' Thread 4] WARN  o.a.i.p.ModelValidator:78 - The component AttendanceForm_ is not registered in the AndroidManifest.xml file.
12:00:55.223 [Execution worker for ':' Thread 4] WARN  o.a.i.p.ModelValidator:78 - The component YouthInfoFormActivity_ is not registered in the AndroidManifest.xml file.
12:16:23.452 [Execution worker for ':' Thread 4] WARN  o.a.i.p.ModelValidator:78 - The component AddNewGroup_ is not registered in the AndroidManifest.xml file.
12:16:23.453 [Execution worker for ':' Thread 4] WARN  o.a.i.p.ModelValidator:78 - The component DeviceInformation_ is not registered in the AndroidManifest.xml file.
12:16:23.453 [Execution worker for ':' Thread 4] WARN  o.a.i.p.ModelValidator:78 - The component AttendanceForm_ is not registered in the AndroidManifest.xml file.
12:16:23.454 [Execution worker for ':' Thread 4] WARN  o.a.i.p.ModelValidator:78 - The component YouthInfoFormActivity_ is not registered in the AndroidManifest.xml file.
15:45:20.198 [Execution worker for ':' Thread 2] WARN  o.a.i.p.ModelValidator:78 - The component AddNewGroup_ is not registered in the AndroidManifest.xml file.
15:45:20.199 [Execution worker for ':' Thread 2] WARN  o.a.i.p.ModelValidator:78 - The component DeviceInformation_ is not registered in the AndroidManifest.xml file.
15:45:20.199 [Execution worker for ':' Thread 2] WARN  o.a.i.p.ModelValidator:78 - The component AttendanceForm_ is not registered in the AndroidManifest.xml file.
15:45:20.199 [Execution worker for ':' Thread 2] WARN  o.a.i.p.ModelValidator:78 - The component YouthInfoFormActivity_ is not registered in the AndroidManifest.xml file.
11:42:43.248 [Execution worker for ':' Thread 5] WARN  o.a.i.p.ModelValidator:78 - The component AddNewGroup_ is not registered in the AndroidManifest.xml file.
11:42:43.248 [Execution worker for ':' Thread 5] WARN  o.a.i.p.ModelValidator:78 - The component DeviceInformation_ is not registered in the AndroidManifest.xml file.
11:42:43.248 [Execution worker for ':' Thread 5] WARN  o.a.i.p.ModelValidator:78 - The component AttendanceForm_ is not registered in the AndroidManifest.xml file.
11:42:43.248 [Execution worker for ':' Thread 5] WARN  o.a.i.p.ModelValidator:78 - The component YouthInfoFormActivity_ is not registered in the AndroidManifest.xml file.
